<?xml version="1.0" encoding="UTF-8"?>
<testsuite xmlns:xsi="http://www.w3.org/2001/XMLSchema-instance" xsi:noNamespaceSchemaLocation="https://maven.apache.org/surefire/maven-surefire-plugin/xsd/surefire-test-report.xsd" name="dev.codescreen.transactionservice.controller.LoadControllerUnitTest" time="0.108" tests="2" errors="0" skipped="0" failures="0">
  <properties>
[...]
</properties>
  <testcase name="testLoad_Successful" classname="dev.codescreen.transactionservice.controller.LoadControllerUnitTest" time="0.058"/>
  <testcase name="testLoad_Exception" classname="dev.codescreen.transactionservice.controller.LoadControllerUnitTest" time="0.007"/>
</testsuite>